
========================[ Nov 18, 2013  1:58 PM ]========================
Version 2.2.25 [Feb-01-2011]
Started database file "test_large.fasta_60.17464"
Formatted 5152 sequences in volume 0
SUCCESS: formatted database test_large.fasta_60.17464

========================[ Nov 18, 2013  1:59 PM ]========================
Version 2.2.25 [Feb-01-2011]
Started database file "test_large.fasta_60.17464"
Formatted 4903 sequences in volume 0
SUCCESS: formatted database test_large.fasta_60.17464

========================[ Nov 18, 2013  1:59 PM ]========================
Version 2.2.25 [Feb-01-2011]
Started database file "test_large.fasta_60.17464"
Formatted 4637 sequences in volume 0
SUCCESS: formatted database test_large.fasta_60.17464

========================[ Nov 18, 2013  2:00 PM ]========================
Version 2.2.25 [Feb-01-2011]
Started database file "test_large.fasta_60.17464"
Formatted 4124 sequences in volume 0
SUCCESS: formatted database test_large.fasta_60.17464

========================[ Nov 18, 2013  2:00 PM ]========================
Version 2.2.25 [Feb-01-2011]
Started database file "test_large.fasta_60.17464"
Formatted 3608 sequences in volume 0
SUCCESS: formatted database test_large.fasta_60.17464

========================[ Nov 18, 2013  2:00 PM ]========================
Version 2.2.25 [Feb-01-2011]
Started database file "test_large.fasta_60.17464"
Formatted 3092 sequences in volume 0
SUCCESS: formatted database test_large.fasta_60.17464

========================[ Nov 18, 2013  2:00 PM ]========================
Version 2.2.25 [Feb-01-2011]
Started database file "test_large.fasta_60.17464"
Formatted 2581 sequences in volume 0
SUCCESS: formatted database test_large.fasta_60.17464

========================[ Nov 18, 2013  2:00 PM ]========================
Version 2.2.25 [Feb-01-2011]
Started database file "test_large.fasta_60.17464"
Formatted 2074 sequences in volume 0
SUCCESS: formatted database test_large.fasta_60.17464

========================[ Nov 18, 2013  2:00 PM ]========================
Version 2.2.25 [Feb-01-2011]
Started database file "test_large.fasta_60.17464"
Formatted 1547 sequences in volume 0
SUCCESS: formatted database test_large.fasta_60.17464

========================[ Nov 18, 2013  2:00 PM ]========================
Version 2.2.25 [Feb-01-2011]
Started database file "test_large.fasta_60.17464"
Formatted 1227 sequences in volume 0
SUCCESS: formatted database test_large.fasta_60.17464

========================[ Nov 18, 2013  2:00 PM ]========================
Version 2.2.25 [Feb-01-2011]
Started database file "test_large.fasta_60.17464"
Formatted 1032 sequences in volume 0
SUCCESS: formatted database test_large.fasta_60.17464

========================[ Nov 18, 2013  2:00 PM ]========================
Version 2.2.25 [Feb-01-2011]
Started database file "test_large.fasta_60.17464"
Formatted 793 sequences in volume 0
SUCCESS: formatted database test_large.fasta_60.17464

========================[ Nov 18, 2013  2:01 PM ]========================
Version 2.2.25 [Feb-01-2011]
Started database file "test_large.fasta_60.17464"
Formatted 696 sequences in volume 0
SUCCESS: formatted database test_large.fasta_60.17464

========================[ Nov 18, 2013  2:01 PM ]========================
Version 2.2.25 [Feb-01-2011]
Started database file "test_large.fasta_60.17464"
Formatted 574 sequences in volume 0
SUCCESS: formatted database test_large.fasta_60.17464

========================[ Nov 18, 2013  2:01 PM ]========================
Version 2.2.25 [Feb-01-2011]
Started database file "test_large.fasta_60.17464"
Formatted 523 sequences in volume 0
SUCCESS: formatted database test_large.fasta_60.17464

========================[ Nov 18, 2013  2:01 PM ]========================
Version 2.2.25 [Feb-01-2011]
Started database file "test_large.fasta_60.17464"
Formatted 302 sequences in volume 0
SUCCESS: formatted database test_large.fasta_60.17464

========================[ Nov 18, 2013  2:01 PM ]========================
Version 2.2.25 [Feb-01-2011]
Started database file "test_large.fasta_60.17464"
Formatted 248 sequences in volume 0
SUCCESS: formatted database test_large.fasta_60.17464

========================[ Nov 18, 2013  2:01 PM ]========================
Version 2.2.25 [Feb-01-2011]
Started database file "test_large.fasta_60.17464"
Formatted 218 sequences in volume 0
SUCCESS: formatted database test_large.fasta_60.17464

========================[ Nov 18, 2013  2:01 PM ]========================
Version 2.2.25 [Feb-01-2011]
Started database file "test_large.fasta_60.17464"
Formatted 173 sequences in volume 0
SUCCESS: formatted database test_large.fasta_60.17464

========================[ Nov 18, 2013  2:01 PM ]========================
Version 2.2.25 [Feb-01-2011]
Started database file "test_large.fasta_60.17464"
Formatted 118 sequences in volume 0
SUCCESS: formatted database test_large.fasta_60.17464

========================[ Nov 18, 2013  2:01 PM ]========================
Version 2.2.25 [Feb-01-2011]
Started database file "test_large.fasta_60.17464"
Formatted 59 sequences in volume 0
SUCCESS: formatted database test_large.fasta_60.17464

========================[ Nov 18, 2013  2:01 PM ]========================
Version 2.2.25 [Feb-01-2011]
Started database file "test_large.fasta_60.17464"
Formatted 46 sequences in volume 0
SUCCESS: formatted database test_large.fasta_60.17464

========================[ Nov 18, 2013  2:01 PM ]========================
Version 2.2.25 [Feb-01-2011]
Started database file "test_large.fasta_60.17464"
Formatted 30 sequences in volume 0
SUCCESS: formatted database test_large.fasta_60.17464

========================[ Nov 18, 2013  2:01 PM ]========================
Version 2.2.25 [Feb-01-2011]
Started database file "test_large.fasta_60.17464"
Formatted 25 sequences in volume 0
SUCCESS: formatted database test_large.fasta_60.17464

========================[ Nov 18, 2013  2:01 PM ]========================
Version 2.2.25 [Feb-01-2011]
Started database file "test_large.fasta_60.17464"
Formatted 23 sequences in volume 0
SUCCESS: formatted database test_large.fasta_60.17464

========================[ Nov 18, 2013  2:01 PM ]========================
Version 2.2.25 [Feb-01-2011]
Started database file "test_large.fasta_60.17464"
Formatted 20 sequences in volume 0
SUCCESS: formatted database test_large.fasta_60.17464

========================[ Nov 18, 2013  2:01 PM ]========================
Version 2.2.25 [Feb-01-2011]
Started database file "test_large.fasta_60.17464"
Formatted 18 sequences in volume 0
SUCCESS: formatted database test_large.fasta_60.17464

========================[ Nov 18, 2013  2:01 PM ]========================
Version 2.2.25 [Feb-01-2011]
Started database file "test_large.fasta_60.17464"
Formatted 16 sequences in volume 0
SUCCESS: formatted database test_large.fasta_60.17464

========================[ Nov 18, 2013  2:01 PM ]========================
Version 2.2.25 [Feb-01-2011]
Started database file "test_large.fasta_60.17464"
Formatted 14 sequences in volume 0
SUCCESS: formatted database test_large.fasta_60.17464

========================[ Nov 18, 2013  2:01 PM ]========================
Version 2.2.25 [Feb-01-2011]
Started database file "test_large.fasta_60.17464"
Formatted 12 sequences in volume 0
SUCCESS: formatted database test_large.fasta_60.17464

========================[ Nov 18, 2013  2:01 PM ]========================
Version 2.2.25 [Feb-01-2011]
Started database file "test_large.fasta_60.17464"
Formatted 11 sequences in volume 0
SUCCESS: formatted database test_large.fasta_60.17464

========================[ Nov 18, 2013  2:01 PM ]========================
Version 2.2.25 [Feb-01-2011]
Started database file "test_large.fasta_60.17464"
Formatted 10 sequences in volume 0
SUCCESS: formatted database test_large.fasta_60.17464

========================[ Nov 18, 2013  2:01 PM ]========================
Version 2.2.25 [Feb-01-2011]
Started database file "test_large.fasta_60.17464"
Formatted 9 sequences in volume 0
SUCCESS: formatted database test_large.fasta_60.17464

========================[ Nov 18, 2013  2:01 PM ]========================
Version 2.2.25 [Feb-01-2011]
Started database file "test_large.fasta_60.17464"
Formatted 8 sequences in volume 0
SUCCESS: formatted database test_large.fasta_60.17464

========================[ Nov 18, 2013  2:01 PM ]========================
Version 2.2.25 [Feb-01-2011]
Started database file "test_large.fasta_60.17464"
Formatted 7 sequences in volume 0
SUCCESS: formatted database test_large.fasta_60.17464

========================[ Nov 18, 2013  2:01 PM ]========================
Version 2.2.25 [Feb-01-2011]
Started database file "test_large.fasta_60.17464"
Formatted 6 sequences in volume 0
SUCCESS: formatted database test_large.fasta_60.17464

========================[ Nov 18, 2013  2:01 PM ]========================
Version 2.2.25 [Feb-01-2011]
Started database file "test_large.fasta_60.17464"
Formatted 5 sequences in volume 0
SUCCESS: formatted database test_large.fasta_60.17464

========================[ Nov 18, 2013  2:01 PM ]========================
Version 2.2.25 [Feb-01-2011]
Started database file "test_large.fasta_60.17464"
Formatted 4 sequences in volume 0
SUCCESS: formatted database test_large.fasta_60.17464

========================[ Nov 18, 2013  2:01 PM ]========================
Version 2.2.25 [Feb-01-2011]
Started database file "test_large.fasta_60.17464"
Formatted 3 sequences in volume 0
SUCCESS: formatted database test_large.fasta_60.17464

========================[ Nov 18, 2013  2:01 PM ]========================
Version 2.2.25 [Feb-01-2011]
Started database file "test_large.fasta_60.17464"
Formatted 2 sequences in volume 0
SUCCESS: formatted database test_large.fasta_60.17464

========================[ Nov 18, 2013  2:01 PM ]========================
Version 2.2.25 [Feb-01-2011]
Started database file "test_large.fasta_60.17464"
Formatted 1 sequences in volume 0
SUCCESS: formatted database test_large.fasta_60.17464
